<?xml version="1.0" encoding="UTF-8"?>
<testng-results skipped="0" failed="0" ignored="0" total="1" passed="1">
  <reporter-output>
  </reporter-output>
  <suite name="Default suite" duration-ms="4613" started-at="2020-01-08T22:52:28Z" finished-at="2020-01-08T22:52:33Z">
    <groups>
    </groups>
    <test name="Default test" duration-ms="4613" started-at="2020-01-08T22:52:28Z" finished-at="2020-01-08T22:52:33Z">
      <class name="theseAPI.RestAssuredDemo.ResearchInvestorsTest">
        <test-method status="PASS" signature="prepareTests()[pri:0, instance:theseAPI.RestAssuredDemo.ResearchInvestorsTest@7fc229ab]" name="prepareTests" is-config="true" duration-ms="16" started-at="2020-01-08T22:52:28Z" finished-at="2020-01-08T22:52:28Z">
          <reporter-output>
          </reporter-output>
        </test-method> <!-- prepareTests -->
        <test-method status="PASS" signature="research()[pri:0, instance:theseAPI.RestAssuredDemo.ResearchInvestorsTest@7fc229ab]" name="research" duration-ms="4558" started-at="2020-01-08T22:52:28Z" finished-at="2020-01-08T22:52:33Z">
          <reporter-output>
          </reporter-output>
        </test-method> <!-- research -->
      </class> <!-- theseAPI.RestAssuredDemo.ResearchInvestorsTest -->
    </test> <!-- Default test -->
  </suite> <!-- Default suite -->
</testng-results>
