<?xml version="1.0" encoding="UTF-8"?>
<testng-results ignored="0" total="1" passed="1" failed="0" skipped="0">
  <reporter-output>
  </reporter-output>
  <suite started-at="2020-01-01T20:18:14Z" name="Default suite" finished-at="2020-01-01T20:20:05Z" duration-ms="111629">
    <groups>
      <group name="cucumber">
        <method signature="AbstractTestNGCucumberTests.feature(cucumber.api.testng.CucumberFeatureWrapper)[pri:0, instance:runner.RunnerFeature@30f842ca]" name="feature" class="cucumber.api.testng.AbstractTestNGCucumberTests"/>
      </group> <!-- cucumber -->
    </groups>
    <test started-at="2020-01-01T20:18:14Z" name="Default test" finished-at="2020-01-01T20:20:05Z" duration-ms="111629">
      <class name="runner.RunnerFeature">
        <test-method is-config="true" signature="setUpClass()[pri:0, instance:runner.RunnerFeature@30f842ca]" started-at="2020-01-01T20:18:14Z" name="setUpClass" finished-at="2020-01-01T20:18:14Z" duration-ms="351" status="PASS">
          <reporter-output>
          </reporter-output>
        </test-method> <!-- setUpClass -->
        <test-method signature="feature(cucumber.api.testng.CucumberFeatureWrapper)[pri:0, instance:runner.RunnerFeature@30f842ca]" started-at="2020-01-01T20:18:14Z" name="feature" description="Runs Cucumber Feature" data-provider="features" finished-at="2020-01-01T20:20:05Z" duration-ms="110701" status="PASS">
          <params>
            <param index="0">
              <value>
                <![CDATA[Data Driven Testing of Newtours]]>
              </value>
            </param>
          </params>
          <reporter-output>
          </reporter-output>
        </test-method> <!-- feature -->
        <test-method is-config="true" signature="tearDownClass()[pri:0, instance:runner.RunnerFeature@30f842ca]" started-at="2020-01-01T20:20:05Z" name="tearDownClass" finished-at="2020-01-01T20:20:05Z" duration-ms="434" status="PASS">
          <reporter-output>
          </reporter-output>
        </test-method> <!-- tearDownClass -->
      </class> <!-- runner.RunnerFeature -->
    </test> <!-- Default test -->
  </suite> <!-- Default suite -->
</testng-results>
